生成启动时间为 2016/4/14 星期四 上午 8:59:46。
     1>项目“E:\mydocument\Visual Studio Project\PolyGL\PolyGL\PolyGL.vcxproj”在节点 2 上(Build 个目标)。
     1>ClCompile:
         D:\Microsoft Visual Studio 2013\VC\bin\CL.exe /c /Zi /nologo /W3 /WX- /sdl /O2 /Oi /Oy- /GL /D WIN32 /D NDEBUG /D _CONSOLE /D _LIB /D _UNICODE /D UNICODE /D _WINSOCK_DEPRECATED_NO_WARNINGS /D _CRT_SECURE_NO_WARNINGS /Gm- /EHsc /MD /GS /Gy /fp:precise /Zc:wchar_t /Zc:forScope /Fo"Release\\" /Fd"Release\vc120.pdb" /Gd /TP /analyze- /errorReport:prompt PolyGL.cpp
         PolyGL.cpp
       Link:
         D:\Microsoft Visual Studio 2013\VC\bin\link.exe /ERRORREPORT:PROMPT /OUT:"E:\mydocument\Visual Studio Project\PolyGL\Release\PolyGL.exe" /INCREMENTAL:NO /NOLOGO kernel32.lib user32.lib gdi32.lib winspool.lib comdlg32.lib advapi32.lib shell32.lib ole32.lib oleaut32.lib uuid.lib odbc32.lib odbccp32.lib /MANIFEST /MANIFESTUAC:"level='asInvoker' uiAccess='false'" /manifest:embed /DEBUG /PDB:"E:\mydocument\Visual Studio Project\PolyGL\Release\PolyGL.pdb" /SUBSYSTEM:CONSOLE /OPT:REF /OPT:ICF /LTCG /TLBID:1 /DYNAMICBASE /NXCOMPAT /IMPLIB:"E:\mydocument\Visual Studio Project\PolyGL\Release\PolyGL.lib" /MACHINE:X86 /SAFESEH /SAFESEH:NO Release\Ball.obj
         Release\Box.obj
         Release\Collider2D.obj
         Release\Color.obj
         Release\GameManager.obj
         Release\PolyGL.obj
         Release\Polygon.obj
         Release\Wall.obj
         正在生成代码
         已完成代码的生成
         PolyGL.vcxproj -> E:\mydocument\Visual Studio Project\PolyGL\Release\PolyGL.exe
     1>已完成生成项目“E:\mydocument\Visual Studio Project\PolyGL\PolyGL\PolyGL.vcxproj”(Build 个目标)的操作。

生成成功。

已用时间 00:00:01.40
